<?xml version="1.0" encoding="UTF-8"?>
<testng-results ignored="0" total="6" passed="6" failed="0" skipped="0">
  <reporter-output>
  </reporter-output>
  <suite started-at="2022-01-21T01:26:41 CET" name="Pet Store API Automation" finished-at="2022-01-21T01:27:06 CET" duration-ms="24392">
    <groups>
      <group name="cucumber">
        <method signature="AbstractTestNGCucumberTests.runScenario(io.cucumber.testng.PickleWrapper,io.cucumber.testng.FeatureWrapper)[pri:0, instance:com.adidas.test.automation.runner@6283d8b8]" name="runScenario" class="io.cucumber.testng.AbstractTestNGCucumberTests"/>
      </group> <!-- cucumber -->
    </groups>
    <test started-at="2022-01-21T01:26:41 CET" name="Test" finished-at="2022-01-21T01:27:06 CET" duration-ms="24392">
      <class name="com.adidas.test.automation.runner">
        <test-method is-config="true" signature="setUpClass()[pri:0, instance:com.adidas.test.automation.runner@6283d8b8]" started-at="2022-01-21T01:26:42 CET" name="setUpClass" finished-at="2022-01-21T01:26:46 CET" duration-ms="4297" status="PASS">
          <reporter-output>
          </reporter-output>
        </test-method> <!-- setUpClass -->
        <test-method signature="runScenario(io.cucumber.testng.PickleWrapper,io.cucumber.testng.FeatureWrapper)[pri:0, instance:com.adidas.test.automation.runner@6283d8b8]" started-at="2022-01-21T01:26:46 CET" name="runScenario" description="Runs Cucumber Scenarios" data-provider="scenarios" finished-at="2022-01-21T01:26:58 CET" duration-ms="12369" status="PASS">
          <params>
            <param index="0">
              <value>
                <![CDATA["Fetching all pets with status available"]]>
              </value>
            </param>
            <param index="1">
              <value>
                <![CDATA["Optional[API automaton over Demo Pet Store]"]]>
              </value>
            </param>
          </params>
          <reporter-output>
          </reporter-output>
        </test-method> <!-- runScenario -->
        <test-method signature="runScenario(io.cucumber.testng.PickleWrapper,io.cucumber.testng.FeatureWrapper)[pri:0, instance:com.adidas.test.automation.runner@6283d8b8]" started-at="2022-01-21T01:26:58 CET" name="runScenario" description="Runs Cucumber Scenarios" data-provider="scenarios" finished-at="2022-01-21T01:26:59 CET" duration-ms="615" status="PASS">
          <params>
            <param index="0">
              <value>
                <![CDATA["Fetching all pets with status available"]]>
              </value>
            </param>
            <param index="1">
              <value>
                <![CDATA["Optional[API automaton over Demo Pet Store]"]]>
              </value>
            </param>
          </params>
          <reporter-output>
          </reporter-output>
        </test-method> <!-- runScenario -->
        <test-method signature="runScenario(io.cucumber.testng.PickleWrapper,io.cucumber.testng.FeatureWrapper)[pri:0, instance:com.adidas.test.automation.runner@6283d8b8]" started-at="2022-01-21T01:26:59 CET" name="runScenario" description="Runs Cucumber Scenarios" data-provider="scenarios" finished-at="2022-01-21T01:27:00 CET" duration-ms="612" status="PASS">
          <params>
            <param index="0">
              <value>
                <![CDATA["Fetching all pets with status available"]]>
              </value>
            </param>
            <param index="1">
              <value>
                <![CDATA["Optional[API automaton over Demo Pet Store]"]]>
              </value>
            </param>
          </params>
          <reporter-output>
          </reporter-output>
        </test-method> <!-- runScenario -->
        <test-method signature="runScenario(io.cucumber.testng.PickleWrapper,io.cucumber.testng.FeatureWrapper)[pri:0, instance:com.adidas.test.automation.runner@6283d8b8]" started-at="2022-01-21T01:27:00 CET" name="runScenario" description="Runs Cucumber Scenarios" data-provider="scenarios" finished-at="2022-01-21T01:27:04 CET" duration-ms="4261" status="PASS">
          <params>
            <param index="0">
              <value>
                <![CDATA["Adding a new available pet to the store."]]>
              </value>
            </param>
            <param index="1">
              <value>
                <![CDATA["Optional[API automaton over Demo Pet Store]"]]>
              </value>
            </param>
          </params>
          <reporter-output>
          </reporter-output>
        </test-method> <!-- runScenario -->
        <test-method signature="runScenario(io.cucumber.testng.PickleWrapper,io.cucumber.testng.FeatureWrapper)[pri:0, instance:com.adidas.test.automation.runner@6283d8b8]" started-at="2022-01-21T01:27:04 CET" name="runScenario" description="Runs Cucumber Scenarios" data-provider="scenarios" finished-at="2022-01-21T01:27:04 CET" duration-ms="698" status="PASS">
          <params>
            <param index="0">
              <value>
                <![CDATA["Updating the newly added pet in the store."]]>
              </value>
            </param>
            <param index="1">
              <value>
                <![CDATA["Optional[API automaton over Demo Pet Store]"]]>
              </value>
            </param>
          </params>
          <reporter-output>
          </reporter-output>
        </test-method> <!-- runScenario -->
        <test-method signature="runScenario(io.cucumber.testng.PickleWrapper,io.cucumber.testng.FeatureWrapper)[pri:0, instance:com.adidas.test.automation.runner@6283d8b8]" started-at="2022-01-21T01:27:04 CET" name="runScenario" description="Runs Cucumber Scenarios" data-provider="scenarios" finished-at="2022-01-21T01:27:05 CET" duration-ms="623" status="PASS">
          <params>
            <param index="0">
              <value>
                <![CDATA["Deleting the updated pet from the store."]]>
              </value>
            </param>
            <param index="1">
              <value>
                <![CDATA["Optional[API automaton over Demo Pet Store]"]]>
              </value>
            </param>
          </params>
          <reporter-output>
          </reporter-output>
        </test-method> <!-- runScenario -->
        <test-method is-config="true" signature="tearDownClass()[pri:0, instance:com.adidas.test.automation.runner@6283d8b8]" started-at="2022-01-21T01:27:05 CET" name="tearDownClass" finished-at="2022-01-21T01:27:06 CET" duration-ms="539" status="PASS">
          <reporter-output>
          </reporter-output>
        </test-method> <!-- tearDownClass -->
      </class> <!-- com.adidas.test.automation.runner -->
    </test> <!-- Test -->
  </suite> <!-- Pet Store API Automation -->
</testng-results>
